<?xml version="1.0" encoding="UTF-8"?>
<testng-results skipped="0" failed="0" ignored="12" total="13" passed="1">
  <reporter-output>
  </reporter-output>
  <suite name="Default suite" duration-ms="66931" started-at="2023-08-02T06:39:39Z" finished-at="2023-08-02T06:40:46Z">
    <groups>
    </groups>
    <test name="Default test" duration-ms="66931" started-at="2023-08-02T06:39:39Z" finished-at="2023-08-02T06:40:46Z">
      <class name="RunnerPackage.RunnerClass">
        <test-method status="PASS" signature="UserCreation()[pri:1, instance:RunnerPackage.RunnerClass@6536e911]" name="UserCreation" duration-ms="66874" started-at="2023-08-02T06:39:39Z" finished-at="2023-08-02T06:40:46Z">
          <reporter-output>
          </reporter-output>
        </test-method> <!-- UserCreation -->
      </class> <!-- RunnerPackage.RunnerClass -->
    </test> <!-- Default test -->
  </suite> <!-- Default suite -->
</testng-results>
