<?xml version="1.0" encoding="UTF-8"?>
<!-- Generated by org.testng.reporters.JUnitXMLReporter -->
<testsuite hostname="PradeepanR" ignored="12" name="Default test" tests="1" failures="0" timestamp="02 Aug 2023 15:31:11 GMT" time="67.595" errors="0">
  <testcase name="UserCreation" time="67.551" classname="RunnerPackage.RunnerClass"/>
  <testcase name="CurrentOrganizationCandidate" time="0.0" classname="RunnerPackage.RunnerClass">
    <ignored/>
  </testcase> <!-- CurrentOrganizationCandidate -->
  <testcase name="CurrentOrganization" time="0.0" classname="RunnerPackage.RunnerClass">
    <ignored/>
  </testcase> <!-- CurrentOrganization -->
  <testcase name="ProfileUpdate" time="0.0" classname="RunnerPackage.RunnerClass">
    <ignored/>
  </testcase> <!-- ProfileUpdate -->
  <testcase name="JobHoldAndClosed" time="0.0" classname="RunnerPackage.RunnerClass">
    <ignored/>
  </testcase> <!-- JobHoldAndClosed -->
  <testcase name="CandidateCreation" time="0.0" classname="RunnerPackage.RunnerClass">
    <ignored/>
  </testcase> <!-- CandidateCreation -->
  <testcase name="JobCardViewEdit" time="0.0" classname="RunnerPackage.RunnerClass">
    <ignored/>
  </testcase> <!-- JobCardViewEdit -->
  <testcase name="connections" time="0.0" classname="RunnerPackage.RunnerClass">
    <ignored/>
  </testcase> <!-- connections -->
  <testcase name="CandidateDetails" time="0.0" classname="RunnerPackage.RunnerClass">
    <ignored/>
  </testcase> <!-- CandidateDetails -->
  <testcase name="PersionalDetails" time="0.0" classname="RunnerPackage.RunnerClass">
    <ignored/>
  </testcase> <!-- PersionalDetails -->
  <testcase name="JobCreation" time="0.0" classname="RunnerPackage.RunnerClass">
    <ignored/>
  </testcase> <!-- JobCreation -->
  <testcase name="Deactivate" time="0.0" classname="RunnerPackage.RunnerClass">
    <ignored/>
  </testcase> <!-- Deactivate -->
  <testcase name="JobCardDetails" time="0.0" classname="RunnerPackage.RunnerClass">
    <ignored/>
  </testcase> <!-- JobCardDetails -->
</testsuite> <!-- Default test -->
