<?xml version="1.0" encoding="UTF-8"?>
<testng-results skipped="0" failed="0" ignored="12" total="13" passed="1">
  <reporter-output>
  </reporter-output>
  <suite name="Default suite" duration-ms="87828" started-at="2023-07-04T13:43:46Z" finished-at="2023-07-04T13:45:14Z">
    <groups>
    </groups>
    <test name="Default test" duration-ms="87828" started-at="2023-07-04T13:43:46Z" finished-at="2023-07-04T13:45:14Z">
      <class name="RunnerPackage.RunnerClass">
        <test-method status="PASS" signature="ProfileUpdate()[pri:0, instance:RunnerPackage.RunnerClass@64bfbc86]" name="ProfileUpdate" duration-ms="87817" started-at="2023-07-04T13:43:46Z" finished-at="2023-07-04T13:45:14Z">
          <reporter-output>
          </reporter-output>
        </test-method> <!-- ProfileUpdate -->
      </class> <!-- RunnerPackage.RunnerClass -->
    </test> <!-- Default test -->
  </suite> <!-- Default suite -->
</testng-results>
