<?xml version="1.0" encoding="UTF-8"?>
<testng-results skipped="0" failed="0" ignored="12" total="13" passed="1">
  <reporter-output>
  </reporter-output>
  <suite name="Default suite" duration-ms="67595" started-at="2023-08-02T15:30:03Z" finished-at="2023-08-02T15:31:11Z">
    <groups>
    </groups>
    <test name="Default test" duration-ms="67595" started-at="2023-08-02T15:30:03Z" finished-at="2023-08-02T15:31:11Z">
      <class name="RunnerPackage.RunnerClass">
        <test-method status="PASS" signature="UserCreation()[pri:1, instance:RunnerPackage.RunnerClass@66480dd7]" name="UserCreation" duration-ms="67551" started-at="2023-08-02T15:30:03Z" finished-at="2023-08-02T15:31:11Z">
          <reporter-output>
          </reporter-output>
        </test-method> <!-- UserCreation -->
      </class> <!-- RunnerPackage.RunnerClass -->
    </test> <!-- Default test -->
  </suite> <!-- Default suite -->
</testng-results>
